<?xml version="1.0" encoding="UTF-8"?>
<testsuite xmlns:xsi="http://www.w3.org/2001/XMLSchema-instance" xsi:noNamespaceSchemaLocation="https://maven.apache.org/surefire/maven-surefire-plugin/xsd/surefire-test-report-3.0.xsd" version="3.0" name="hackernews.TopStoriesApiTest" time="1.34" tests="3" errors="0" skipped="0" failures="0">
  <properties>
[...]
</properties>
  <testcase name="allIdsArePositive" classname="hackernews.TopStoriesApiTest" time="1.005"/>
  <testcase name="returnsNonEmptyArray" classname="hackernews.TopStoriesApiTest" time="0.163"/>
  <testcase name="returnsAtMost500Items" classname="hackernews.TopStoriesApiTest" time="0.157"/>
</testsuite>